0 silly input [ 'prepare' ]
1 silly flags { _: [ 'run' ], script: 'prepare', args: [] }
2 verbose rootPath /Users/yy66/Documents/github.com/theia-ide/theia-xtext
3 info version 2.4.0
4 silly existsSync /Users/yy66/Documents/github.com/theia-ide/theia-xtext/VERSION
5 silly initialize attempt
6 silly initialize success
7 silly execute attempt
8 silly runScriptInPackageStreaming [ 'prepare', [], '@theia/xtext-dsl-extension' ]
9 silly getExecOpts { cwd:
9 silly getExecOpts    '/Users/yy66/Documents/github.com/theia-ide/theia-xtext/xtext-dsl-extension' }
10 error execute callback with error
11 error Error: Command failed: npm run prepare
11 error warning package.json: No license field
11 error warning package.json: No license field
11 error error Command failed with exit code 2.
11 error npm ERR! code ELIFECYCLE
11 error npm ERR! errno 1
11 error npm ERR! @theia/xtext-dsl-extension@0.1.0 prepare: `yarn run clean && yarn run build`
11 error npm ERR! Exit status 1
11 error npm ERR!
11 error npm ERR! Failed at the @theia/xtext-dsl-extension@0.1.0 prepare script.
11 error npm ERR! This is probably not a problem with npm. There is likely additional logging output above.
11 error
11 error npm ERR! A complete log of this run can be found in:
11 error npm ERR!     /Users/yy66/.npm/_logs/2019-05-11T14_28_58_326Z-debug.log
11 error
11 error
11 error > @theia/xtext-dsl-extension@0.1.0 prepare /Users/yy66/Documents/github.com/theia-ide/theia-xtext/xtext-dsl-extension
11 error > yarn run clean && yarn run build
11 error
11 error yarn run v1.12.3
11 error $ rimraf lib
11 error Done in 0.31s.
11 error yarn run v1.12.3
11 error $ tsc && yarn run copy-ls
11 error src/browser/language-contribution.ts(30,5): error TS2304: Cannot find name 'monaco'.
11 error src/browser/language-contribution.ts(36,5): error TS2304: Cannot find name 'monaco'.
11 error src/browser/language-contribution.ts(52,5): error TS2304: Cannot find name 'monaco'.
11 error info Visit https://yarnpkg.com/en/docs/cli/run for documentation about this command.
11 error
11 error     at Promise.all.then.arr (/Users/yy66/Documents/github.com/theia-ide/theia-xtext/node_modules/lerna/node_modules/execa/index.js:236:11)
